<?xml version="1.0" encoding="UTF-8"?>
<!-- Generated by org.testng.reporters.JUnitXMLReporter -->
<testsuite ignored="0" hostname="LAPTOP-FBU3FC00" failures="0" tests="12" name="POMProjectAmazon" time="84.095" errors="0" timestamp="25 Jul. 2022 01:25:10 GMT">
  <testcase classname="com.amazon.qa.testcases.AmznHomePageTest" name="clickOnSignInTest" time="1.094"/>
  <testcase classname="com.amazon.qa.testcases.AmznHomePageTest" name="hoverOnSignInBtnTest" time="0.378"/>
  <testcase classname="com.amazon.qa.testcases.AmznHomePageTest" name="iPadSuggestionListTest" time="2.872"/>
  <testcase classname="com.amazon.qa.testcases.AmznHomePageTest" name="searchiPadTest" time="0.497"/>
  <testcase classname="com.amazon.qa.testcases.AmznLoginPageTest" name="enterEmailTest" time="0.549"/>
  <testcase classname="com.amazon.qa.testcases.AmznLoginPageTest" name="enterWrongEmailTest" time="0.434"/>
  <testcase classname="com.amazon.qa.testcases.AmznLoginPageTest" name="readErrorMessageTest" time="0.574"/>
  <testcase classname="com.amazon.qa.testcases.AmznSignUpTest" name="clickOnContinueTest" time="0.392"/>
  <testcase classname="com.amazon.qa.testcases.AmznSignUpTest" name="enterMobileNumberTest" time="0.216"/>
  <testcase classname="com.amazon.qa.testcases.AmznSignUpTest" name="enterNameTest" time="0.134"/>
  <testcase classname="com.amazon.qa.testcases.AmznSignUpTest" name="enterPasswordAgainTest" time="0.16"/>
  <testcase classname="com.amazon.qa.testcases.AmznSignUpTest" name="enterPasswordTest" time="0.137"/>
</testsuite> <!-- POMProjectAmazon -->
